<?xml version="1.0" encoding="UTF-8"?>
<testng-results skipped="0" failed="0" total="2" passed="2">
  <reporter-output>
  </reporter-output>
  <suite name="Default suite" duration-ms="28713" started-at="2015-08-16T18:15:03Z" finished-at="2015-08-16T18:15:32Z">
    <groups>
    </groups>
    <test name="Default test" duration-ms="28713" started-at="2015-08-16T18:15:03Z" finished-at="2015-08-16T18:15:32Z">
      <class name="browser.SearchCnnWithHtmlUnitDriver">
        <test-method status="PASS" signature="beforeMethod()[pri:0, instance:browser.SearchCnnWithHtmlUnitDriver@6ad5c04e]" name="beforeMethod" is-config="true" duration-ms="1694" started-at="2015-08-16T14:15:03Z" finished-at="2015-08-16T14:15:05Z">
          <reporter-output>
          </reporter-output>
        </test-method> <!-- beforeMethod -->
        <test-method status="PASS" signature="test1()[pri:0, instance:browser.SearchCnnWithHtmlUnitDriver@6ad5c04e]" name="test1" duration-ms="3519" started-at="2015-08-16T14:15:05Z" finished-at="2015-08-16T14:15:09Z">
          <reporter-output>
          </reporter-output>
        </test-method> <!-- test1 -->
        <test-method status="PASS" signature="afterMethod()[pri:0, instance:browser.SearchCnnWithHtmlUnitDriver@6ad5c04e]" name="afterMethod" is-config="true" duration-ms="1" started-at="2015-08-16T14:15:09Z" finished-at="2015-08-16T14:15:09Z">
          <reporter-output>
          </reporter-output>
        </test-method> <!-- afterMethod -->
        <test-method status="PASS" signature="beforeMethod()[pri:0, instance:browser.SearchCnnWithHtmlUnitDriver@6ad5c04e]" name="beforeMethod" is-config="true" duration-ms="141" started-at="2015-08-16T14:15:09Z" finished-at="2015-08-16T14:15:09Z">
          <reporter-output>
          </reporter-output>
        </test-method> <!-- beforeMethod -->
        <test-method status="PASS" signature="test2()[pri:0, instance:browser.SearchCnnWithHtmlUnitDriver@6ad5c04e]" name="test2" duration-ms="23335" started-at="2015-08-16T14:15:09Z" finished-at="2015-08-16T14:15:32Z">
          <reporter-output>
          </reporter-output>
        </test-method> <!-- test2 -->
        <test-method status="PASS" signature="afterMethod()[pri:0, instance:browser.SearchCnnWithHtmlUnitDriver@6ad5c04e]" name="afterMethod" is-config="true" duration-ms="1" started-at="2015-08-16T14:15:32Z" finished-at="2015-08-16T14:15:32Z">
          <reporter-output>
          </reporter-output>
        </test-method> <!-- afterMethod -->
      </class> <!-- browser.SearchCnnWithHtmlUnitDriver -->
    </test> <!-- Default test -->
  </suite> <!-- Default suite -->
</testng-results>
